<?xml version="1.0" ?>
<!DOCTYPE coverage SYSTEM "http://cobertura.sourceforge.net/xml/coverage-04.dtd">
<coverage lines-valid="55" lines-covered="55" line-rate="1" branches-valid="39" branches-covered="39" branch-rate="1" timestamp="1715537532304" complexity="0" version="0.1">
  <sources>
    <source>C:\Users\noureddin\Desktop\edp-calculadora</source>
  </sources>
  <packages>
    <package name="main" line-rate="1" branch-rate="1">
      <classes>
        <class name="model.js" filename="js\model.js" line-rate="1" branch-rate="1">
          <methods>
            <method name="(anonymous_0)" hits="19" signature="()V">
              <lines>
                <line number="4" hits="19"/>
              </lines>
            </method>
            <method name="(anonymous_1)" hits="32" signature="()V">
              <lines>
                <line number="10" hits="32"/>
              </lines>
            </method>
            <method name="(anonymous_2)" hits="8" signature="()V">
              <lines>
                <line number="26" hits="8"/>
              </lines>
            </method>
            <method name="(anonymous_3)" hits="14" signature="()V">
              <lines>
                <line number="45" hits="14"/>
              </lines>
            </method>
            <method name="(anonymous_4)" hits="1" signature="()V">
              <lines>
                <line number="80" hits="1"/>
              </lines>
            </method>
          </methods>
          <lines>
            <line number="5" hits="19" branch="false"/>
            <line number="6" hits="19" branch="false"/>
            <line number="7" hits="19" branch="false"/>
            <line number="11" hits="32" branch="true" condition-coverage="100% (2/2)"/>
            <line number="12" hits="21" branch="true" condition-coverage="100% (2/2)"/>
            <line number="13" hits="16" branch="false"/>
            <line number="15" hits="5" branch="false"/>
            <line number="16" hits="20" branch="false"/>
            <line number="18" hits="11" branch="true" condition-coverage="100% (2/2)"/>
            <line number="19" hits="9" branch="false"/>
            <line number="21" hits="2" branch="false"/>
            <line number="22" hits="11" branch="false"/>
            <line number="27" hits="8" branch="true" condition-coverage="100% (2/2)"/>
            <line number="28" hits="4" branch="true" condition-coverage="100% (2/2)"/>
            <line number="29" hits="1" branch="false"/>
            <line number="30" hits="3" branch="true" condition-coverage="100% (2/2)"/>
            <line number="31" hits="2" branch="false"/>
            <line number="33" hits="4" branch="false"/>
            <line number="36" hits="4" branch="true" condition-coverage="100% (2/2)"/>
            <line number="37" hits="1" branch="false"/>
            <line number="38" hits="3" branch="true" condition-coverage="100% (2/2)"/>
            <line number="39" hits="2" branch="false"/>
            <line number="41" hits="4" branch="false"/>
            <line number="47" hits="14" branch="true" condition-coverage="100% (5/5)"/>
            <line number="48" hits="3" branch="false"/>
            <line number="49" hits="3" branch="false"/>
            <line number="50" hits="3" branch="false"/>
            <line number="54" hits="11" branch="true" condition-coverage="100% (5/5)"/>
            <line number="55" hits="1" branch="false"/>
            <line number="56" hits="1" branch="false"/>
            <line number="57" hits="1" branch="false"/>
            <line number="58" hits="1" branch="false"/>
            <line number="62" hits="10" branch="true" condition-coverage="100% (5/5)"/>
            <line number="63" hits="2" branch="false"/>
            <line number="64" hits="2" branch="false"/>
            <line number="65" hits="2" branch="false"/>
            <line number="66" hits="2" branch="false"/>
            <line number="69" hits="8" branch="false"/>
            <line number="70" hits="8" branch="false"/>
            <line number="72" hits="8" branch="false"/>
            <line number="74" hits="8" branch="false"/>
            <line number="75" hits="8" branch="false"/>
            <line number="76" hits="8" branch="false"/>
            <line number="77" hits="8" branch="false"/>
            <line number="81" hits="1" branch="false"/>
            <line number="82" hits="1" branch="false"/>
            <line number="83" hits="1" branch="false"/>
          </lines>
        </class>
        <class name="utils.js" filename="js\utils.js" line-rate="1" branch-rate="1">
          <methods>
            <method name="calculate" hits="14" signature="()V">
              <lines>
                <line number="1" hits="14"/>
              </lines>
            </method>
          </methods>
          <lines>
            <line number="2" hits="14" branch="true" condition-coverage="100% (2/2)"/>
            <line number="3" hits="5" branch="false"/>
            <line number="5" hits="9" branch="true" condition-coverage="100% (2/2)"/>
            <line number="6" hits="3" branch="false"/>
            <line number="8" hits="6" branch="true" condition-coverage="100% (2/2)"/>
            <line number="9" hits="2" branch="false"/>
            <line number="11" hits="4" branch="true" condition-coverage="100% (2/2)"/>
            <line number="12" hits="3" branch="false"/>
          </lines>
        </class>
      </classes>
    </package>
  </packages>
</coverage>
